TN:
SF:/Users/jkalis/Pro/QL/Galileo/linter-validator/linter/src/linter.js
FN:36,flattenExamplesAndSchemas
FN:40,flattener
FN:69,Linter
FN:90,lint
FN:94,resolve
FN:122,parseError
FN:135,lintMethod
FN:145,eachMethod
FN:158,lintResource
FN:182,lintResponse
FN:199,lintRoot
FNF:11
FNH:11
FNDA:23,flattenExamplesAndSchemas
FNDA:14,flattener
FNDA:2,Linter
FNDA:7,lint
FNDA:7,resolve
FNDA:1,parseError
FNDA:10,lintMethod
FNDA:13,eachMethod
FNDA:9,lintResource
FNDA:13,lintResponse
FNDA:6,lintRoot
DA:3,1
DA:36,1
DA:37,23
DA:38,23
DA:40,1
DA:42,14
DA:43,14
DA:47,14
DA:48,14
DA:52,23
DA:69,1
DA:70,2
DA:90,2
DA:91,7
DA:94,1
DA:95,7
DA:98,7
DA:120,2
DA:122,1
DA:123,1
DA:135,1
DA:136,10
DA:138,10
DA:141,10
DA:144,10
DA:146,13
DA:158,1
DA:159,9
DA:162,9
DA:165,9
DA:169,9
DA:182,1
DA:183,13
DA:184,13
DA:186,13
DA:189,13
DA:199,1
DA:201,6
DA:202,6
DA:204,6
DA:206,6
DA:211,1
DA:212,1
LF:43
LH:43
BRDA:42,1,0,14
BRDA:42,1,1,0
BRDA:47,2,0,14
BRDA:47,2,1,0
BRDA:52,3,0,23
BRDA:52,3,1,9
BRDA:144,4,0,10
BRDA:144,4,1,1
BRDA:146,5,0,13
BRDA:146,5,1,1
BRDA:165,6,0,9
BRDA:165,6,1,1
BRDA:169,7,0,9
BRDA:169,7,1,5
BRDA:201,8,0,6
BRDA:201,8,1,1
BRDA:206,9,0,6
BRDA:206,9,1,1
BRDA:211,10,0,1
BRDA:211,10,1,0
BRF:20
BRH:20
end_of_record
TN:
SF:/Users/jkalis/Pro/QL/Galileo/linter-validator/linter/src/log.js
FN:6,filterEntries
FN:12,instanceLevelMethods
FN:23,isDef
FN:37,Log
FN:68,addEntry
FN:123,logRaw
FN:131,emptyStack
FN:141,readLog
FN:161,getLevels
FNF:9
FNH:9
FNDA:72,filterEntries
FNDA:51,instanceLevelMethods
FNDA:289,isDef
FNDA:17,Log
FNDA:73,addEntry
FNDA:1,logRaw
FNDA:25,emptyStack
FNDA:25,readLog
FNDA:18,getLevels
DA:3,1
DA:6,1
DA:8,72
DA:12,1
DA:13,51
DA:23,1
DA:25,289
DA:37,1
DA:38,17
DA:68,1
DA:69,73
DA:70,72
DA:79,1
DA:113,17
DA:123,17
DA:124,1
DA:131,17
DA:132,25
DA:141,17
DA:143,25
DA:147,17
DA:161,1
DA:163,18
DA:171,1
DA:174,1
DA:175,1
LF:26
LH:26
BRDA:25,1,0,289
BRDA:25,1,1,289
BRDA:69,2,0,72
BRDA:69,2,1,1
BRDA:143,3,0,8
BRDA:143,3,1,17
BRDA:174,4,0,1
BRDA:174,4,1,0
BRF:8
BRH:8
end_of_record
TN:
SF:/Users/jkalis/Pro/QL/Galileo/linter-validator/linter/src/typeOf.js
FN:16,typeOf
FN:29,strip
FNF:2
FNH:2
FNDA:245,typeOf
FNDA:243,strip
DA:3,1
DA:16,1
DA:17,245
DA:19,245
DA:29,1
DA:31,243
DA:35,1
DA:36,1
LF:8
LH:8
BRDA:17,1,0,2
BRDA:17,1,1,243
BRDA:19,2,0,121
BRDA:19,2,1,124
BRDA:35,3,0,1
BRDA:35,3,1,0
BRF:6
BRH:6
end_of_record
TN:
SF:/Users/jkalis/Pro/QL/Galileo/linter-validator/linter/src/rules.js
FN:55,execArray
FN:56,every
FN:63,execBoolean
FN:67,execRegExp
FN:81,format
FN:100,mapRules
FN:125,passes
FN:139,passing
FN:144,prereqReduce
FN:166,Rules
FN:168,sections
FN:184,runRules
FN:188,eachRule
FNF:13
FNH:13
FNDA:52,execArray
FNDA:32,every
FNDA:43,execBoolean
FNDA:9,execRegExp
FNDA:11,format
FNDA:20,mapRules
FNDA:104,passes
FNDA:98,passing
FNDA:20,prereqReduce
FNDA:2,Rules
FNDA:8,sections
FNDA:38,runRules
FNDA:99,eachRule
DA:3,1
DA:54,1
DA:56,1
DA:58,32
DA:61,52
DA:65,43
DA:69,9
DA:81,1
DA:82,11
DA:84,11
DA:89,11
DA:100,1
DA:101,20
DA:103,20
DA:104,1
DA:105,1
DA:107,19
DA:110,20
DA:111,1
DA:114,20
DA:125,1
DA:126,104
DA:128,104
DA:139,1
DA:140,98
DA:142,98
DA:143,20
DA:145,20
DA:146,6
DA:149,20
DA:152,78
DA:155,98
DA:166,1
DA:167,2
DA:169,8
DA:172,8
DA:175,2
DA:184,1
DA:186,38
DA:188,1
DA:189,99
DA:190,1
DA:192,98
DA:193,10
DA:198,38
DA:203,1
DA:204,1
LF:47
LH:47
BRDA:61,1,0,32
BRDA:61,1,1,20
BRDA:103,2,0,1
BRDA:103,2,1,19
BRDA:103,3,0,20
BRDA:103,3,1,10
BRDA:110,4,0,1
BRDA:110,4,1,19
BRDA:128,5,0,104
BRDA:128,5,1,104
BRDA:142,6,0,20
BRDA:142,6,1,78
BRDA:145,7,0,6
BRDA:145,7,1,14
BRDA:145,8,0,20
BRDA:145,8,1,20
BRDA:189,9,0,1
BRDA:189,9,1,98
BRDA:192,10,0,10
BRDA:192,10,1,88
BRDA:203,11,0,1
BRDA:203,11,1,0
BRF:22
BRH:22
end_of_record
